<?xml version="1.0" encoding="UTF-8"?>
<testsuite xmlns:xsi="http://www.w3.org/2001/XMLSchema-instance" xsi:noNamespaceSchemaLocation="https://maven.apache.org/surefire/maven-surefire-plugin/xsd/surefire-test-report.xsd" version="3.0.2" name="com.yodsarun.exam.demo.ExamApplicationTests" time="1.904" tests="1" errors="0" skipped="0" failures="0">
  <properties>
[...]
</properties>
  <testcase name="contextLoads" classname="com.yodsarun.exam.demo.ExamApplicationTests" time="0.529">
    <system-out><![CDATA[19:58:35.169 [main] INFO org.springframework.test.context.support.AnnotationConfigContextLoaderUtils -- Could not detect default configuration classes for test class [com.yodsarun.exam.demo.ExamApplicationTests]: ExamApplicationTests does not declare any static, non-private, non-final, nested classes annotated with @Configuration.
19:58:35.244 [main] INFO org.springframework.boot.test.context.SpringBootTestContextBootstrapper -- Found @SpringBootConfiguration com.yodsarun.exam.demo.ExamApplication for test class com.yodsarun.exam.demo.ExamApplicationTests

  .   ____          _            __ _ _
 /\\ / ___'_ __ _ _(_)_ __  __ _ \ \ \ \
( ( )\___ | '_ | '_| | '_ \/ _` | \ \ \ \
 \\/  ___)| |_)| | | | | || (_| |  ) ) ) )
  '  |____| .__|_| |_|_| |_\__, | / / / /
 =========|_|==============|___/=/_/_/_/

 :: Spring Boot ::                (v4.0.0)

2025-12-15T19:58:35.613+07:00  INFO 6087 --- [exam] [           main] c.y.exam.demo.ExamApplicationTests       : Starting ExamApplicationTests using Java 21.0.8 with PID 6087 (started by jamez in /Users/jamez/Yodsarun-Workspace/exam/bbl-interview-2025)
2025-12-15T19:58:35.614+07:00  INFO 6087 --- [exam] [           main] c.y.exam.demo.ExamApplicationTests       : No active profile set, falling back to 1 default profile: "default"
2025-12-15T19:58:36.402+07:00  INFO 6087 --- [exam] [           main] c.y.exam.demo.ExamApplicationTests       : Started ExamApplicationTests in 1.033 seconds (process running for 1.892)
]]></system-out>
    <system-err><![CDATA[Mockito is currently self-attaching to enable the inline-mock-maker. This will no longer work in future releases of the JDK. Please add Mockito as an agent to your build as described in Mockito's documentation: https://javadoc.io/doc/org.mockito/mockito-core/latest/org.mockito/org/mockito/Mockito.html#0.3
WARNING: A Java agent has been loaded dynamically (/Users/jamez/.m2/repository/net/bytebuddy/byte-buddy-agent/1.17.8/byte-buddy-agent-1.17.8.jar)
WARNING: If a serviceability tool is in use, please run with -XX:+EnableDynamicAgentLoading to hide this warning
WARNING: If a serviceability tool is not in use, please run with -Djdk.instrument.traceUsage for more information
WARNING: Dynamic loading of agents will be disallowed by default in a future release
]]></system-err>
  </testcase>
</testsuite>